<?xml version="1.0" encoding="UTF-8"?>
<!-- Generated by org.testng.reporters.JUnitXMLReporter -->
<testsuite hostname="MX-IT01393" ignored="0" name="My trainning" tests="10" failures="1" timestamp="17 oct 2018 22:28:19 GMT" time="24.582" errors="0">
  <testcase name="testStarbucksHomePage" time="0.004" classname="tests.StarbucksTests"/>
  <testcase name="testStarbucksHomePage" time="0.001" classname="tests.StarbucksTests"/>
  <testcase name="testStarbucksHomePage" time="0.002" classname="tests.StarbucksTests"/>
  <testcase name="testStarbucksHomePage" time="0.001" classname="tests.StarbucksTests"/>
  <testcase name="testStarbucksHomePage" time="0.001" classname="tests.StarbucksTests"/>
  <testcase name="testStarbucksHomePage" time="0.001" classname="tests.StarbucksTests"/>
  <testcase name="testStarbucksHomePage" time="0.002" classname="tests.StarbucksTests"/>
  <testcase name="testStarbucksHomePage" time="0.001" classname="tests.StarbucksTests"/>
  <testcase name="testStarbucksCoffeePage" time="12.042" classname="tests.StarbucksTests">
    <failure type="org.openqa.selenium.TimeoutException" message="Expected condition failed: waiting for visibility of Proxy element for: DefaultElementLocator &amp;apos;By.cssSelector: .light&amp;apos; (tried for 10 second(s) with 500 MILLISECONDS interval)">
      <![CDATA[org.openqa.selenium.TimeoutException: Expected condition failed: waiting for visibility of Proxy element for: DefaultElementLocator 'By.cssSelector: .light' (tried for 10 second(s) with 500 MILLISECONDS interval)
	at org.openqa.selenium.support.ui.WebDriverWait.timeoutException(WebDriverWait.java:80)
	at org.openqa.selenium.support.ui.FluentWait.until(FluentWait.java:232)
	at pages.StarbucksCoffee.clicksbuttons(StarbucksCoffee.java:46)
	at tests.StarbucksTests.testStarbucksCoffeePage(StarbucksTests.java:67)
Caused by: org.openqa.selenium.NoSuchElementException: Unable to locate element: .light
For documentation on this error, please visit: http://seleniumhq.org/exceptions/no_such_element.html
Build info: version: '3.4.0', revision: 'unknown', time: 'unknown'
System info: host: 'MX-IT01393', ip: '10.230.4.153', os.name: 'Windows 10', os.arch: 'amd64', os.version: '10.0', java.version: '1.8.0_181'
Driver info: org.openqa.selenium.firefox.FirefoxDriver
Capabilities [{moz:profile=C:\Users\nancy.melgoza\AppData\Local\Temp\rust_mozprofile.Vr9IRAC3rKjh, rotatable=false, timeouts={implicit=0.0, pageLoad=300000.0, script=30000.0}, pageLoadStrategy=normal, moz:headless=false, platform=ANY, moz:accessibilityChecks=false, acceptInsecureCerts=false, browserVersion=58.0.2, platformVersion=10.0, moz:processID=26432.0, browserName=firefox, javascriptEnabled=true, platformName=windows_nt, moz:webdriverClick=true}]
Session ID: f4daa39e-c194-49b0-8dc9-f75667c2768f
*** Element info: {Using=css selector, value=.light}
	at org.openqa.selenium.remote.http.W3CHttpResponseCodec.createException(W3CHttpResponseCodec.java:150)
	at org.openqa.selenium.remote.http.W3CHttpResponseCodec.decode(W3CHttpResponseCodec.java:115)
	at org.openqa.selenium.remote.http.W3CHttpResponseCodec.decode(W3CHttpResponseCodec.java:45)
	at org.openqa.selenium.remote.HttpCommandExecutor.execute(HttpCommandExecutor.java:164)
	at org.openqa.selenium.remote.service.DriverCommandExecutor.execute(DriverCommandExecutor.java:82)
	at org.openqa.selenium.remote.RemoteWebDriver.execute(RemoteWebDriver.java:637)
	at org.openqa.selenium.remote.RemoteWebDriver.findElement(RemoteWebDriver.java:410)
	at org.openqa.selenium.remote.RemoteWebDriver.findElementByCssSelector(RemoteWebDriver.java:501)
	at org.openqa.selenium.By$ByCssSelector.findElement(By.java:430)
	at org.openqa.selenium.remote.RemoteWebDriver.findElement(RemoteWebDriver.java:402)
	at org.openqa.selenium.support.pagefactory.DefaultElementLocator.findElement(DefaultElementLocator.java:69)
	at org.openqa.selenium.support.pagefactory.internal.LocatingElementHandler.invoke(LocatingElementHandler.java:38)
	at com.sun.proxy.$Proxy6.isDisplayed(Unknown Source)
	at org.openqa.selenium.support.ui.ExpectedConditions.elementIfVisible(ExpectedConditions.java:302)
	at org.openqa.selenium.support.ui.ExpectedConditions.access$100(ExpectedConditions.java:44)
	at org.openqa.selenium.support.ui.ExpectedConditions$10.apply(ExpectedConditions.java:288)
	at org.openqa.selenium.support.ui.ExpectedConditions$10.apply(ExpectedConditions.java:285)
	at org.openqa.selenium.support.ui.FluentWait.until(FluentWait.java:209)
	... 31 more
... Removed 32 stack frames]]>
    </failure>
  </testcase> <!-- testStarbucksCoffeePage -->
  <testcase name="GiftCardsSesion" time="10.987" classname="tests.StarbucksTests"/>
</testsuite> <!-- My trainning -->
