<?xml version="1.0" encoding="UTF-8"?>
<testng-results skipped="0" failed="1" ignored="0" total="10" passed="9">
  <reporter-output>
  </reporter-output>
  <suite name="Starbucks Suite" duration-ms="24582" started-at="2018-10-17T22:27:54Z" finished-at="2018-10-17T22:28:19Z">
    <groups>
    </groups>
    <test name="My trainning" duration-ms="24582" started-at="2018-10-17T22:27:54Z" finished-at="2018-10-17T22:28:19Z">
      <class name="tests.StarbucksTests">
        <test-method status="PASS" signature="beforeSuite(java.lang.String)[pri:0, instance:tests.StarbucksTests@2d554825]" name="beforeSuite" is-config="true" duration-ms="6491" started-at="2018-10-17T17:27:48Z" finished-at="2018-10-17T17:27:54Z">
          <params>
            <param index="0">
              <value>
                <![CDATA[firefox]]>
              </value>
            </param>
          </params>
          <reporter-output>
          </reporter-output>
        </test-method> <!-- beforeSuite -->
        <test-method status="PASS" signature="testStarbucksHomePage(java.lang.String, java.lang.String)[pri:1, instance:tests.StarbucksTests@2d554825]" name="testStarbucksHomePage" duration-ms="4" started-at="2018-10-17T17:27:56Z" data-provider="NavData" finished-at="2018-10-17T17:27:56Z">
          <params>
            <param index="0">
              <value>
                <![CDATA[COFFEE]]>
              </value>
            </param>
            <param index="1">
              <value>
                <![CDATA[COFFEE]]>
              </value>
            </param>
          </params>
          <reporter-output>
          </reporter-output>
        </test-method> <!-- testStarbucksHomePage -->
        <test-method status="PASS" signature="testStarbucksHomePage(java.lang.String, java.lang.String)[pri:1, instance:tests.StarbucksTests@2d554825]" name="testStarbucksHomePage" duration-ms="1" started-at="2018-10-17T17:27:56Z" data-provider="NavData" finished-at="2018-10-17T17:27:56Z">
          <params>
            <param index="0">
              <value>
                <![CDATA[TEA]]>
              </value>
            </param>
            <param index="1">
              <value>
                <![CDATA[TEA]]>
              </value>
            </param>
          </params>
          <reporter-output>
          </reporter-output>
        </test-method> <!-- testStarbucksHomePage -->
        <test-method status="PASS" signature="testStarbucksHomePage(java.lang.String, java.lang.String)[pri:1, instance:tests.StarbucksTests@2d554825]" name="testStarbucksHomePage" duration-ms="2" started-at="2018-10-17T17:27:56Z" data-provider="NavData" finished-at="2018-10-17T17:27:56Z">
          <params>
            <param index="0">
              <value>
                <![CDATA[MENU]]>
              </value>
            </param>
            <param index="1">
              <value>
                <![CDATA[MENU]]>
              </value>
            </param>
          </params>
          <reporter-output>
          </reporter-output>
        </test-method> <!-- testStarbucksHomePage -->
        <test-method status="PASS" signature="testStarbucksHomePage(java.lang.String, java.lang.String)[pri:1, instance:tests.StarbucksTests@2d554825]" name="testStarbucksHomePage" duration-ms="1" started-at="2018-10-17T17:27:56Z" data-provider="NavData" finished-at="2018-10-17T17:27:56Z">
          <params>
            <param index="0">
              <value>
                <![CDATA[COFFEEHOUSE]]>
              </value>
            </param>
            <param index="1">
              <value>
                <![CDATA[COFFEEHOUSE]]>
              </value>
            </param>
          </params>
          <reporter-output>
          </reporter-output>
        </test-method> <!-- testStarbucksHomePage -->
        <test-method status="PASS" signature="testStarbucksHomePage(java.lang.String, java.lang.String)[pri:1, instance:tests.StarbucksTests@2d554825]" name="testStarbucksHomePage" duration-ms="1" started-at="2018-10-17T17:27:56Z" data-provider="NavData" finished-at="2018-10-17T17:27:56Z">
          <params>
            <param index="0">
              <value>
                <![CDATA[SOCIAL IMPACT]]>
              </value>
            </param>
            <param index="1">
              <value>
                <![CDATA[SOCIAL IMPACT]]>
              </value>
            </param>
          </params>
          <reporter-output>
          </reporter-output>
        </test-method> <!-- testStarbucksHomePage -->
        <test-method status="PASS" signature="testStarbucksHomePage(java.lang.String, java.lang.String)[pri:1, instance:tests.StarbucksTests@2d554825]" name="testStarbucksHomePage" duration-ms="1" started-at="2018-10-17T17:27:56Z" data-provider="NavData" finished-at="2018-10-17T17:27:56Z">
          <params>
            <param index="0">
              <value>
                <![CDATA[STARBUCKS REWARDS]]>
              </value>
            </param>
            <param index="1">
              <value>
                <![CDATA[STARBUCKS REWARDS]]>
              </value>
            </param>
          </params>
          <reporter-output>
          </reporter-output>
        </test-method> <!-- testStarbucksHomePage -->
        <test-method status="PASS" signature="testStarbucksHomePage(java.lang.String, java.lang.String)[pri:1, instance:tests.StarbucksTests@2d554825]" name="testStarbucksHomePage" duration-ms="2" started-at="2018-10-17T17:27:56Z" data-provider="NavData" finished-at="2018-10-17T17:27:56Z">
          <params>
            <param index="0">
              <value>
                <![CDATA[BLOG]]>
              </value>
            </param>
            <param index="1">
              <value>
                <![CDATA[BLOG]]>
              </value>
            </param>
          </params>
          <reporter-output>
          </reporter-output>
        </test-method> <!-- testStarbucksHomePage -->
        <test-method status="PASS" signature="testStarbucksHomePage(java.lang.String, java.lang.String)[pri:1, instance:tests.StarbucksTests@2d554825]" name="testStarbucksHomePage" duration-ms="1" started-at="2018-10-17T17:27:56Z" data-provider="NavData" finished-at="2018-10-17T17:27:56Z">
          <params>
            <param index="0">
              <value>
                <![CDATA[GIFT CARDS]]>
              </value>
            </param>
            <param index="1">
              <value>
                <![CDATA[GIFT CARDS]]>
              </value>
            </param>
          </params>
          <reporter-output>
          </reporter-output>
        </test-method> <!-- testStarbucksHomePage -->
        <test-method status="FAIL" signature="testStarbucksCoffeePage(org.openqa.selenium.WebElement, org.openqa.selenium.WebElement, org.openqa.selenium.WebElement, org.openqa.selenium.WebElement, org.openqa.selenium.WebElement, org.openqa.selenium.WebElement, org.openqa.selenium.WebElement, org.openqa.selenium.WebElement, org.openqa.selenium.WebElement)[pri:2, instance:tests.StarbucksTests@2d554825]" name="testStarbucksCoffeePage" duration-ms="12042" started-at="2018-10-17T17:27:56Z" data-provider="options" finished-at="2018-10-17T17:28:08Z">
          <params>
            <param index="0">
              <value>
                <![CDATA[Proxy element for: DefaultElementLocator 'By.cssSelector: .light']]>
              </value>
            </param>
            <param index="1">
              <value>
                <![CDATA[Proxy element for: DefaultElementLocator 'By.cssSelector: .collapsed > div:nth-child(4) > h4:nth-child(1)']]>
              </value>
            </param>
            <param index="2">
              <value>
                <![CDATA[Proxy element for: DefaultElementLocator 'By.cssSelector: #question2 > button:nth-child(1)']]>
              </value>
            </param>
            <param index="3">
              <value>
                <![CDATA[Proxy element for: DefaultElementLocator 'By.cssSelector: .question2 > div:nth-child(1) > div:nth-child(1) > div:nth-child(4) > h4:nth-child(1)']]>
              </value>
            </param>
            <param index="4">
              <value>
                <![CDATA[Proxy element for: DefaultElementLocator 'By.cssSelector: #light-questions > button:nth-child(2)']]>
              </value>
            </param>
            <param index="5">
              <value>
                <![CDATA[Proxy element for: DefaultElementLocator 'By.cssSelector: .light-questions > div:nth-child(1) > div:nth-child(1) > div:nth-child(4) > h4:nth-child(1)']]>
              </value>
            </param>
            <param index="6">
              <value>
                <![CDATA[Proxy element for: DefaultElementLocator 'By.cssSelector: #question4 > button:nth-child(1)']]>
              </value>
            </param>
            <param index="7">
              <value>
                <![CDATA[Proxy element for: DefaultElementLocator 'By.cssSelector: div.col-md-12:nth-child(4) > div:nth-child(1) > div:nth-child(1) > div:nth-child(4) > h4:nth-child(1)']]>
              </value>
            </param>
            <param index="8">
              <value>
                <![CDATA[Proxy element for: DefaultElementLocator 'By.id: find-my-coffee']]>
              </value>
            </param>
          </params>
          <exception class="org.openqa.selenium.TimeoutException">
            <message>
              <![CDATA[Expected condition failed: waiting for visibility of Proxy element for: DefaultElementLocator 'By.cssSelector: .light' (tried for 10 second(s) with 500 MILLISECONDS interval)]]>
            </message>
            <full-stacktrace>
              <![CDATA[org.openqa.selenium.TimeoutException: Expected condition failed: waiting for visibility of Proxy element for: DefaultElementLocator 'By.cssSelector: .light' (tried for 10 second(s) with 500 MILLISECONDS interval)
	at org.openqa.selenium.support.ui.WebDriverWait.timeoutException(WebDriverWait.java:80)
	at org.openqa.selenium.support.ui.FluentWait.until(FluentWait.java:232)
	at pages.StarbucksCoffee.clicksbuttons(StarbucksCoffee.java:46)
	at tests.StarbucksTests.testStarbucksCoffeePage(StarbucksTests.java:67)
	at sun.reflect.NativeMethodAccessorImpl.invoke0(Native Method)
	at sun.reflect.NativeMethodAccessorImpl.invoke(NativeMethodAccessorImpl.java:62)
	at sun.reflect.DelegatingMethodAccessorImpl.invoke(DelegatingMethodAccessorImpl.java:43)
	at java.lang.reflect.Method.invoke(Method.java:498)
	at org.testng.internal.MethodInvocationHelper.invokeMethod(MethodInvocationHelper.java:104)
	at org.testng.internal.Invoker.invokeMethod(Invoker.java:645)
	at org.testng.internal.Invoker.invokeTestMethod(Invoker.java:851)
	at org.testng.internal.Invoker.invokeTestMethods(Invoker.java:1177)
	at org.testng.internal.TestMethodWorker.invokeTestMethods(TestMethodWorker.java:129)
	at org.testng.internal.TestMethodWorker.run(TestMethodWorker.java:112)
	at org.testng.TestRunner.privateRun(TestRunner.java:756)
	at org.testng.TestRunner.run(TestRunner.java:610)
	at org.testng.SuiteRunner.runTest(SuiteRunner.java:387)
	at org.testng.SuiteRunner.runSequentially(SuiteRunner.java:382)
	at org.testng.SuiteRunner.privateRun(SuiteRunner.java:340)
	at org.testng.SuiteRunner.run(SuiteRunner.java:289)
	at org.testng.SuiteRunnerWorker.runSuite(SuiteRunnerWorker.java:52)
	at org.testng.SuiteRunnerWorker.run(SuiteRunnerWorker.java:86)
	at org.testng.TestNG.runSuitesSequentially(TestNG.java:1293)
	at org.testng.TestNG.runSuitesLocally(TestNG.java:1218)
	at org.testng.TestNG.runSuites(TestNG.java:1133)
	at org.testng.TestNG.run(TestNG.java:1104)
	at org.apache.maven.surefire.testng.TestNGExecutor.run(TestNGExecutor.java:283)
	at org.apache.maven.surefire.testng.TestNGXmlTestSuite.execute(TestNGXmlTestSuite.java:75)
	at org.apache.maven.surefire.testng.TestNGProvider.invoke(TestNGProvider.java:120)
	at org.apache.maven.surefire.booter.ForkedBooter.invokeProviderInSameClassLoader(ForkedBooter.java:373)
	at org.apache.maven.surefire.booter.ForkedBooter.runSuitesInProcess(ForkedBooter.java:334)
	at org.apache.maven.surefire.booter.ForkedBooter.execute(ForkedBooter.java:119)
	at org.apache.maven.surefire.booter.ForkedBooter.main(ForkedBooter.java:407)
Caused by: org.openqa.selenium.NoSuchElementException: Unable to locate element: .light
For documentation on this error, please visit: http://seleniumhq.org/exceptions/no_such_element.html
Build info: version: '3.4.0', revision: 'unknown', time: 'unknown'
System info: host: 'MX-IT01393', ip: '10.230.4.153', os.name: 'Windows 10', os.arch: 'amd64', os.version: '10.0', java.version: '1.8.0_181'
Driver info: org.openqa.selenium.firefox.FirefoxDriver
Capabilities [{moz:profile=C:\Users\nancy.melgoza\AppData\Local\Temp\rust_mozprofile.Vr9IRAC3rKjh, rotatable=false, timeouts={implicit=0.0, pageLoad=300000.0, script=30000.0}, pageLoadStrategy=normal, moz:headless=false, platform=ANY, moz:accessibilityChecks=false, acceptInsecureCerts=false, browserVersion=58.0.2, platformVersion=10.0, moz:processID=26432.0, browserName=firefox, javascriptEnabled=true, platformName=windows_nt, moz:webdriverClick=true}]
Session ID: f4daa39e-c194-49b0-8dc9-f75667c2768f
*** Element info: {Using=css selector, value=.light}
	at sun.reflect.GeneratedConstructorAccessor12.newInstance(Unknown Source)
	at sun.reflect.DelegatingConstructorAccessorImpl.newInstance(DelegatingConstructorAccessorImpl.java:45)
	at java.lang.reflect.Constructor.newInstance(Constructor.java:423)
	at org.openqa.selenium.remote.http.W3CHttpResponseCodec.createException(W3CHttpResponseCodec.java:150)
	at org.openqa.selenium.remote.http.W3CHttpResponseCodec.decode(W3CHttpResponseCodec.java:115)
	at org.openqa.selenium.remote.http.W3CHttpResponseCodec.decode(W3CHttpResponseCodec.java:45)
	at org.openqa.selenium.remote.HttpCommandExecutor.execute(HttpCommandExecutor.java:164)
	at org.openqa.selenium.remote.service.DriverCommandExecutor.execute(DriverCommandExecutor.java:82)
	at org.openqa.selenium.remote.RemoteWebDriver.execute(RemoteWebDriver.java:637)
	at org.openqa.selenium.remote.RemoteWebDriver.findElement(RemoteWebDriver.java:410)
	at org.openqa.selenium.remote.RemoteWebDriver.findElementByCssSelector(RemoteWebDriver.java:501)
	at org.openqa.selenium.By$ByCssSelector.findElement(By.java:430)
	at org.openqa.selenium.remote.RemoteWebDriver.findElement(RemoteWebDriver.java:402)
	at org.openqa.selenium.support.pagefactory.DefaultElementLocator.findElement(DefaultElementLocator.java:69)
	at org.openqa.selenium.support.pagefactory.internal.LocatingElementHandler.invoke(LocatingElementHandler.java:38)
	at com.sun.proxy.$Proxy6.isDisplayed(Unknown Source)
	at org.openqa.selenium.support.ui.ExpectedConditions.elementIfVisible(ExpectedConditions.java:302)
	at org.openqa.selenium.support.ui.ExpectedConditions.access$100(ExpectedConditions.java:44)
	at org.openqa.selenium.support.ui.ExpectedConditions$10.apply(ExpectedConditions.java:288)
	at org.openqa.selenium.support.ui.ExpectedConditions$10.apply(ExpectedConditions.java:285)
	at org.openqa.selenium.support.ui.FluentWait.until(FluentWait.java:209)
	... 31 more
]]>
            </full-stacktrace>
          </exception> <!-- org.openqa.selenium.TimeoutException -->
          <reporter-output>
          </reporter-output>
        </test-method> <!-- testStarbucksCoffeePage -->
        <test-method status="PASS" signature="GiftCardsSesion(java.lang.String, java.lang.String)[pri:3, instance:tests.StarbucksTests@2d554825]" name="GiftCardsSesion" duration-ms="10987" started-at="2018-10-17T17:28:08Z" data-provider="Authentication" finished-at="2018-10-17T17:28:19Z">
          <params>
            <param index="0">
              <value>
                <![CDATA[tae.globant.training@gmail.com]]>
              </value>
            </param>
            <param index="1">
              <value>
                <![CDATA[GlobantTAE_1]]>
              </value>
            </param>
          </params>
          <reporter-output>
          </reporter-output>
        </test-method> <!-- GiftCardsSesion -->
      </class> <!-- tests.StarbucksTests -->
    </test> <!-- My trainning -->
  </suite> <!-- Starbucks Suite -->
</testng-results>
